This file contains any messages produced by compilers while
running configure, to aid debugging if configure makes a mistake.

It was created by libjpeg-turbo configure 1.3.0, which was
generated by GNU Autoconf 2.59.  Invocation command line was

  $ ./configure --host i686-pc-linux-gnu CFLAGS=-O3 -m32 LDFLAGS=-m32

## --------- ##
## Platform. ##
## --------- ##

hostname = SJ
uname -m = x86_64
uname -r = 3.2.0-57-generic
uname -s = Linux
uname -v = #87-Ubuntu SMP Tue Nov 12 21:35:10 UTC 2013

/usr/bin/uname -p = unknown
/bin/uname -X     = unknown

/bin/arch              = unknown
/usr/bin/arch -k       = unknown
/usr/convex/getsysinfo = unknown
hostinfo               = unknown
/bin/machine           = unknown
/usr/bin/oslevel       = unknown
/bin/universe          = unknown

PATH: /usr/local/jdk1.6.0_33/bin
PATH: /home/android-main/out/host/linux-x86/bin
PATH: /home/android-main/prebuilts/gcc/linux-x86/x86/i686-linux-android-4.7/bin
PATH: /home/android-main/prebuilts/gcc/linux-x86/x86/x86_64-linux-android-4.7/bin
PATH: /home/android-main/prebuilts/gcc/linux-x86/mips/mipsel-linux-android-4.7/bin
PATH: /home/android-main/development/emulator/qtools
PATH: /home/android-main/prebuilts/gcc/linux-x86/x86/i686-linux-android-4.7/bin
PATH: /home/android-main/development/scripts
PATH: /home/android-main/prebuilts/devtools/tools
PATH: /usr/local/sbin
PATH: /usr/local/bin
PATH: /usr/sbin
PATH: /usr/bin
PATH: /sbin
PATH: /bin
PATH: /usr/games
PATH: /usr/local/jdk1.6.0_33/bin


## ----------- ##
## Core tests. ##
## ----------- ##

configure:1632: checking for a BSD-compatible install
configure:1687: result: /usr/bin/install -c
configure:1698: checking whether build environment is sane
configure:1741: result: yes
configure:1806: checking for gawk
configure:1822: found /usr/bin/gawk
configure:1832: result: gawk
configure:1842: checking whether make sets $(MAKE)
configure:1862: result: yes
configure:1938: checking for i686-pc-linux-gnu-strip
configure:1967: result: no
configure:1976: checking for strip
configure:1992: found /usr/bin/strip
configure:2003: result: strip
configure:2054: checking for style of include used by make
configure:2082: result: GNU
configure:2115: checking for i686-pc-linux-gnu-gcc
configure:2144: result: no
configure:2153: checking for gcc
configure:2169: found /usr/bin/gcc
configure:2179: result: gcc
configure:2423: checking for C compiler version
configure:2426: gcc --version </dev/null >&5
gcc (Ubuntu/Linaro 4.6.3-1ubuntu5) 4.6.3
Copyright (C) 2011 Free Software Foundation, Inc.
This is free software; see the source for copying conditions.  There is NO
warranty; not even for MERCHANTABILITY or FITNESS FOR A PARTICULAR PURPOSE.

configure:2429: $? = 0
configure:2431: gcc -v </dev/null >&5
Using built-in specs.
COLLECT_GCC=gcc
COLLECT_LTO_WRAPPER=/usr/lib/gcc/x86_64-linux-gnu/4.6/lto-wrapper
Target: x86_64-linux-gnu
Configured with: ../src/configure -v --with-pkgversion='Ubuntu/Linaro 4.6.3-1ubuntu5' --with-bugurl=file:///usr/share/doc/gcc-4.6/README.Bugs --enable-languages=c,c++,fortran,objc,obj-c++ --prefix=/usr --program-suffix=-4.6 --enable-shared --enable-linker-build-id --with-system-zlib --libexecdir=/usr/lib --without-included-gettext --enable-threads=posix --with-gxx-include-dir=/usr/include/c++/4.6 --libdir=/usr/lib --enable-nls --with-sysroot=/ --enable-clocale=gnu --enable-libstdcxx-debug --enable-libstdcxx-time=yes --enable-gnu-unique-object --enable-plugin --enable-objc-gc --disable-werror --with-arch-32=i686 --with-tune=generic --enable-checking=release --build=x86_64-linux-gnu --host=x86_64-linux-gnu --target=x86_64-linux-gnu
Thread model: posix
gcc version 4.6.3 (Ubuntu/Linaro 4.6.3-1ubuntu5) 
configure:2434: $? = 0
configure:2436: gcc -V </dev/null >&5
gcc: error: unrecognized option '-V'
gcc: fatal error: no input files
compilation terminated.
configure:2439: $? = 4
configure:2462: checking for C compiler default output file name
configure:2465: gcc -O3 -m32  -m32 conftest.c  >&5
configure:2468: $? = 0
configure:2514: result: a.out
configure:2519: checking whether the C compiler works
configure:2525: ./a.out
configure:2528: $? = 0
configure:2545: result: yes
configure:2552: checking whether we are cross compiling
configure:2554: result: no
configure:2557: checking for suffix of executables
configure:2559: gcc -o conftest -O3 -m32  -m32 conftest.c  >&5
configure:2562: $? = 0
configure:2587: result: 
configure:2593: checking for suffix of object files
configure:2614: gcc -c -O3 -m32  conftest.c >&5
configure:2617: $? = 0
configure:2639: result: o
configure:2643: checking whether we are using the GNU C compiler
configure:2667: gcc -c -O3 -m32  conftest.c >&5
configure:2673: $? = 0
configure:2677: test -z 
			 || test ! -s conftest.err
configure:2680: $? = 0
configure:2683: test -s conftest.o
configure:2686: $? = 0
configure:2699: result: yes
configure:2705: checking whether gcc accepts -g
configure:2726: gcc -c -g  conftest.c >&5
configure:2732: $? = 0
configure:2736: test -z 
			 || test ! -s conftest.err
configure:2739: $? = 0
configure:2742: test -s conftest.o
configure:2745: $? = 0
configure:2756: result: yes
configure:2773: checking for gcc option to accept ANSI C
configure:2843: gcc  -c -O3 -m32  conftest.c >&5
configure:2849: $? = 0
configure:2853: test -z 
			 || test ! -s conftest.err
configure:2856: $? = 0
configure:2859: test -s conftest.o
configure:2862: $? = 0
configure:2880: result: none needed
configure:2898: gcc -c -O3 -m32  conftest.c >&5
conftest.c:2:3: error: unknown type name 'choke'
conftest.c:2:3: error: expected '=', ',', ';', 'asm' or '__attribute__' at end of input
configure:2904: $? = 1
configure: failed program was:
| #ifndef __cplusplus
|   choke me
| #endif
configure:3039: checking dependency style of gcc
configure:3129: result: gcc3
configure:3151: checking how to run the C preprocessor
configure:3186: gcc -E  conftest.c
configure:3192: $? = 0
configure:3224: gcc -E  conftest.c
conftest.c:12:28: fatal error: ac_nonexistent.h: No such file or directory
compilation terminated.
configure:3230: $? = 1
configure: failed program was:
| /* confdefs.h.  */
| 
| #define PACKAGE_NAME "libjpeg-turbo"
| #define PACKAGE_TARNAME "libjpeg-turbo"
| #define PACKAGE_VERSION "1.3.0"
| #define PACKAGE_STRING "libjpeg-turbo 1.3.0"
| #define PACKAGE_BUGREPORT ""
| #define PACKAGE "libjpeg-turbo"
| #define VERSION "1.3.0"
| #define HAVE_PROTOTYPES 1
| /* end confdefs.h.  */
| #include <ac_nonexistent.h>
configure:3269: result: gcc -E
configure:3293: gcc -E  conftest.c
configure:3299: $? = 0
configure:3331: gcc -E  conftest.c
conftest.c:12:28: fatal error: ac_nonexistent.h: No such file or directory
compilation terminated.
configure:3337: $? = 1
configure: failed program was:
| /* confdefs.h.  */
| 
| #define PACKAGE_NAME "libjpeg-turbo"
| #define PACKAGE_TARNAME "libjpeg-turbo"
| #define PACKAGE_VERSION "1.3.0"
| #define PACKAGE_STRING "libjpeg-turbo 1.3.0"
| #define PACKAGE_BUGREPORT ""
| #define PACKAGE "libjpeg-turbo"
| #define VERSION "1.3.0"
| #define HAVE_PROTOTYPES 1
| /* end confdefs.h.  */
| #include <ac_nonexistent.h>
configure:3388: checking for i686-pc-linux-gnu-gcc
configure:3414: result: gcc
configure:3696: checking for C compiler version
configure:3699: gcc --version </dev/null >&5
gcc (Ubuntu/Linaro 4.6.3-1ubuntu5) 4.6.3
Copyright (C) 2011 Free Software Foundation, Inc.
This is free software; see the source for copying conditions.  There is NO
warranty; not even for MERCHANTABILITY or FITNESS FOR A PARTICULAR PURPOSE.

configure:3702: $? = 0
configure:3704: gcc -v </dev/null >&5
Using built-in specs.
COLLECT_GCC=gcc
COLLECT_LTO_WRAPPER=/usr/lib/gcc/x86_64-linux-gnu/4.6/lto-wrapper
Target: x86_64-linux-gnu
Configured with: ../src/configure -v --with-pkgversion='Ubuntu/Linaro 4.6.3-1ubuntu5' --with-bugurl=file:///usr/share/doc/gcc-4.6/README.Bugs --enable-languages=c,c++,fortran,objc,obj-c++ --prefix=/usr --program-suffix=-4.6 --enable-shared --enable-linker-build-id --with-system-zlib --libexecdir=/usr/lib --without-included-gettext --enable-threads=posix --with-gxx-include-dir=/usr/include/c++/4.6 --libdir=/usr/lib --enable-nls --with-sysroot=/ --enable-clocale=gnu --enable-libstdcxx-debug --enable-libstdcxx-time=yes --enable-gnu-unique-object --enable-plugin --enable-objc-gc --disable-werror --with-arch-32=i686 --with-tune=generic --enable-checking=release --build=x86_64-linux-gnu --host=x86_64-linux-gnu --target=x86_64-linux-gnu
Thread model: posix
gcc version 4.6.3 (Ubuntu/Linaro 4.6.3-1ubuntu5) 
configure:3707: $? = 0
configure:3709: gcc -V </dev/null >&5
gcc: error: unrecognized option '-V'
gcc: fatal error: no input files
compilation terminated.
configure:3712: $? = 4
configure:3715: checking whether we are using the GNU C compiler
configure:3771: result: yes
configure:3777: checking whether gcc accepts -g
configure:3828: result: yes
configure:3845: checking for gcc option to accept ANSI C
configure:3952: result: none needed
configure:3970: gcc -c -O3 -m32  conftest.c >&5
conftest.c:2:3: error: unknown type name 'choke'
conftest.c:2:3: error: expected '=', ',', ';', 'asm' or '__attribute__' at end of input
configure:3976: $? = 1
configure: failed program was:
| #ifndef __cplusplus
|   choke me
| #endif
configure:4111: checking dependency style of gcc
configure:4201: result: gcc3
configure:4238: checking for a BSD-compatible install
configure:4293: result: /usr/bin/install -c
configure:4382: checking build system type
configure:4400: result: x86_64-unknown-linux-gnu
configure:4408: checking host system type
configure:4422: result: i686-pc-linux-gnu
configure:4430: checking for a sed that does not truncate output
configure:4484: result: /bin/sed
configure:4487: checking for egrep
configure:4497: result: grep -E
configure:4513: checking for ld used by gcc
configure:4580: result: /usr/bin/ld
configure:4589: checking if the linker (/usr/bin/ld) is GNU ld
configure:4604: result: yes
configure:4609: checking for /usr/bin/ld option to reload object files
configure:4616: result: -r
configure:4625: checking for BSD-compatible nm
configure:4667: result: nm
configure:4671: checking whether ln -s works
configure:4675: result: yes
configure:4682: checking how to recognise dependent libraries
configure:4865: result: pass_all
configure:5075: checking for ANSI C header files
configure:5100: gcc -c -O3 -m32  conftest.c >&5
configure:5106: $? = 0
configure:5110: test -z 
			 || test ! -s conftest.err
configure:5113: $? = 0
configure:5116: test -s conftest.o
configure:5119: $? = 0
configure:5208: gcc -o conftest -O3 -m32  -m32 conftest.c  >&5
conftest.c: In function 'main':
conftest.c:29:7: warning: incompatible implicit declaration of built-in function 'exit' [enabled by default]
configure:5211: $? = 0
configure:5213: ./conftest
configure:5216: $? = 0
configure:5231: result: yes
configure:5255: checking for sys/types.h
configure:5271: gcc -c -O3 -m32  conftest.c >&5
configure:5277: $? = 0
configure:5281: test -z 
			 || test ! -s conftest.err
configure:5284: $? = 0
configure:5287: test -s conftest.o
configure:5290: $? = 0
configure:5301: result: yes
configure:5255: checking for sys/stat.h
configure:5271: gcc -c -O3 -m32  conftest.c >&5
configure:5277: $? = 0
configure:5281: test -z 
			 || test ! -s conftest.err
configure:5284: $? = 0
configure:5287: test -s conftest.o
configure:5290: $? = 0
configure:5301: result: yes
configure:5255: checking for stdlib.h
configure:5271: gcc -c -O3 -m32  conftest.c >&5
configure:5277: $? = 0
configure:5281: test -z 
			 || test ! -s conftest.err
configure:5284: $? = 0
configure:5287: test -s conftest.o
configure:5290: $? = 0
configure:5301: result: yes
configure:5255: checking for string.h
configure:5271: gcc -c -O3 -m32  conftest.c >&5
configure:5277: $? = 0
configure:5281: test -z 
			 || test ! -s conftest.err
configure:5284: $? = 0
configure:5287: test -s conftest.o
configure:5290: $? = 0
configure:5301: result: yes
configure:5255: checking for memory.h
configure:5271: gcc -c -O3 -m32  conftest.c >&5
configure:5277: $? = 0
configure:5281: test -z 
			 || test ! -s conftest.err
configure:5284: $? = 0
configure:5287: test -s conftest.o
configure:5290: $? = 0
configure:5301: result: yes
configure:5255: checking for strings.h
configure:5271: gcc -c -O3 -m32  conftest.c >&5
configure:5277: $? = 0
configure:5281: test -z 
			 || test ! -s conftest.err
configure:5284: $? = 0
configure:5287: test -s conftest.o
configure:5290: $? = 0
configure:5301: result: yes
configure:5255: checking for inttypes.h
configure:5271: gcc -c -O3 -m32  conftest.c >&5
configure:5277: $? = 0
configure:5281: test -z 
			 || test ! -s conftest.err
configure:5284: $? = 0
configure:5287: test -s conftest.o
configure:5290: $? = 0
configure:5301: result: yes
configure:5255: checking for stdint.h
configure:5271: gcc -c -O3 -m32  conftest.c >&5
configure:5277: $? = 0
configure:5281: test -z 
			 || test ! -s conftest.err
configure:5284: $? = 0
configure:5287: test -s conftest.o
configure:5290: $? = 0
configure:5301: result: yes
configure:5255: checking for unistd.h
configure:5271: gcc -c -O3 -m32  conftest.c >&5
configure:5277: $? = 0
configure:5281: test -z 
			 || test ! -s conftest.err
configure:5284: $? = 0
configure:5287: test -s conftest.o
configure:5290: $? = 0
configure:5301: result: yes
configure:5327: checking dlfcn.h usability
configure:5339: gcc -c -O3 -m32  conftest.c >&5
configure:5345: $? = 0
configure:5349: test -z 
			 || test ! -s conftest.err
configure:5352: $? = 0
configure:5355: test -s conftest.o
configure:5358: $? = 0
configure:5368: result: yes
configure:5372: checking dlfcn.h presence
configure:5382: gcc -E  conftest.c
configure:5388: $? = 0
configure:5408: result: yes
configure:5443: checking for dlfcn.h
configure:5450: result: yes
configure:5473: checking for i686-pc-linux-gnu-g++
configure:5502: result: no
configure:5473: checking for i686-pc-linux-gnu-c++
configure:5502: result: no
configure:5473: checking for i686-pc-linux-gnu-gpp
configure:5502: result: no
configure:5473: checking for i686-pc-linux-gnu-aCC
configure:5502: result: no
configure:5473: checking for i686-pc-linux-gnu-CC
configure:5502: result: no
configure:5473: checking for i686-pc-linux-gnu-cxx
configure:5502: result: no
configure:5473: checking for i686-pc-linux-gnu-cc++
configure:5502: result: no
configure:5473: checking for i686-pc-linux-gnu-cl
configure:5502: result: no
configure:5473: checking for i686-pc-linux-gnu-FCC
configure:5502: result: no
configure:5473: checking for i686-pc-linux-gnu-KCC
configure:5502: result: no
configure:5473: checking for i686-pc-linux-gnu-RCC
configure:5502: result: no
configure:5473: checking for i686-pc-linux-gnu-xlC_r
configure:5502: result: no
configure:5473: checking for i686-pc-linux-gnu-xlC
configure:5502: result: no
configure:5515: checking for g++
configure:5531: found /usr/bin/g++
configure:5541: result: g++
configure:5557: checking for C++ compiler version
configure:5560: g++ --version </dev/null >&5
g++ (Ubuntu/Linaro 4.6.3-1ubuntu5) 4.6.3
Copyright (C) 2011 Free Software Foundation, Inc.
This is free software; see the source for copying conditions.  There is NO
warranty; not even for MERCHANTABILITY or FITNESS FOR A PARTICULAR PURPOSE.

configure:5563: $? = 0
configure:5565: g++ -v </dev/null >&5
Using built-in specs.
COLLECT_GCC=g++
COLLECT_LTO_WRAPPER=/usr/lib/gcc/x86_64-linux-gnu/4.6/lto-wrapper
Target: x86_64-linux-gnu
Configured with: ../src/configure -v --with-pkgversion='Ubuntu/Linaro 4.6.3-1ubuntu5' --with-bugurl=file:///usr/share/doc/gcc-4.6/README.Bugs --enable-languages=c,c++,fortran,objc,obj-c++ --prefix=/usr --program-suffix=-4.6 --enable-shared --enable-linker-build-id --with-system-zlib --libexecdir=/usr/lib --without-included-gettext --enable-threads=posix --with-gxx-include-dir=/usr/include/c++/4.6 --libdir=/usr/lib --enable-nls --with-sysroot=/ --enable-clocale=gnu --enable-libstdcxx-debug --enable-libstdcxx-time=yes --enable-gnu-unique-object --enable-plugin --enable-objc-gc --disable-werror --with-arch-32=i686 --with-tune=generic --enable-checking=release --build=x86_64-linux-gnu --host=x86_64-linux-gnu --target=x86_64-linux-gnu
Thread model: posix
gcc version 4.6.3 (Ubuntu/Linaro 4.6.3-1ubuntu5) 
configure:5568: $? = 0
configure:5570: g++ -V </dev/null >&5
g++: error: unrecognized option '-V'
g++: fatal error: no input files
compilation terminated.
configure:5573: $? = 4
configure:5576: checking whether we are using the GNU C++ compiler
configure:5600: g++ -c   conftest.cc >&5
configure:5606: $? = 0
configure:5610: test -z 
			 || test ! -s conftest.err
configure:5613: $? = 0
configure:5616: test -s conftest.o
configure:5619: $? = 0
configure:5632: result: yes
configure:5638: checking whether g++ accepts -g
configure:5659: g++ -c -g  conftest.cc >&5
configure:5665: $? = 0
configure:5669: test -z 
			 || test ! -s conftest.err
configure:5672: $? = 0
configure:5675: test -s conftest.o
configure:5678: $? = 0
configure:5689: result: yes
configure:5731: g++ -c -g -O2  conftest.cc >&5
configure:5737: $? = 0
configure:5741: test -z 
			 || test ! -s conftest.err
configure:5744: $? = 0
configure:5747: test -s conftest.o
configure:5750: $? = 0
configure:5776: g++ -c -g -O2  conftest.cc >&5
conftest.cc: In function 'int main()':
conftest.cc:27:9: error: 'exit' was not declared in this scope
configure:5782: $? = 1
configure: failed program was:
| /* confdefs.h.  */
| 
| #define PACKAGE_NAME "libjpeg-turbo"
| #define PACKAGE_TARNAME "libjpeg-turbo"
| #define PACKAGE_VERSION "1.3.0"
| #define PACKAGE_STRING "libjpeg-turbo 1.3.0"
| #define PACKAGE_BUGREPORT ""
| #define PACKAGE "libjpeg-turbo"
| #define VERSION "1.3.0"
| #define HAVE_PROTOTYPES 1
| #define STDC_HEADERS 1
| #define HAVE_SYS_TYPES_H 1
| #define HAVE_SYS_STAT_H 1
| #define HAVE_STDLIB_H 1
| #define HAVE_STRING_H 1
| #define HAVE_MEMORY_H 1
| #define HAVE_STRINGS_H 1
| #define HAVE_INTTYPES_H 1
| #define HAVE_STDINT_H 1
| #define HAVE_UNISTD_H 1
| #define HAVE_DLFCN_H 1
| /* end confdefs.h.  */
| 
| int
| main ()
| {
| exit (42);
|   ;
|   return 0;
| }
configure:5731: g++ -c -g -O2  conftest.cc >&5
conftest.cc:23:40: error: 'void std::exit(int)' should have been declared inside 'std'
configure:5737: $? = 1
configure: failed program was:
| /* confdefs.h.  */
| 
| #define PACKAGE_NAME "libjpeg-turbo"
| #define PACKAGE_TARNAME "libjpeg-turbo"
| #define PACKAGE_VERSION "1.3.0"
| #define PACKAGE_STRING "libjpeg-turbo 1.3.0"
| #define PACKAGE_BUGREPORT ""
| #define PACKAGE "libjpeg-turbo"
| #define VERSION "1.3.0"
| #define HAVE_PROTOTYPES 1
| #define STDC_HEADERS 1
| #define HAVE_SYS_TYPES_H 1
| #define HAVE_SYS_STAT_H 1
| #define HAVE_STDLIB_H 1
| #define HAVE_STRING_H 1
| #define HAVE_MEMORY_H 1
| #define HAVE_STRINGS_H 1
| #define HAVE_INTTYPES_H 1
| #define HAVE_STDINT_H 1
| #define HAVE_UNISTD_H 1
| #define HAVE_DLFCN_H 1
| /* end confdefs.h.  */
| extern "C" void std::exit (int) throw (); using std::exit;
| #include <stdlib.h>
| int
| main ()
| {
| exit (42);
|   ;
|   return 0;
| }
configure:5731: g++ -c -g -O2  conftest.cc >&5
conftest.cc:23:31: error: 'void std::exit(int)' should have been declared inside 'std'
In file included from conftest.cc:24:0:
/usr/include/stdlib.h:544:70: error: declaration of 'void std::exit(int) throw ()' has a different exception specifier
conftest.cc:23:17: error: from previous declaration 'void std::exit(int)'
configure:5737: $? = 1
configure: failed program was:
| /* confdefs.h.  */
| 
| #define PACKAGE_NAME "libjpeg-turbo"
| #define PACKAGE_TARNAME "libjpeg-turbo"
| #define PACKAGE_VERSION "1.3.0"
| #define PACKAGE_STRING "libjpeg-turbo 1.3.0"
| #define PACKAGE_BUGREPORT ""
| #define PACKAGE "libjpeg-turbo"
| #define VERSION "1.3.0"
| #define HAVE_PROTOTYPES 1
| #define STDC_HEADERS 1
| #define HAVE_SYS_TYPES_H 1
| #define HAVE_SYS_STAT_H 1
| #define HAVE_STDLIB_H 1
| #define HAVE_STRING_H 1
| #define HAVE_MEMORY_H 1
| #define HAVE_STRINGS_H 1
| #define HAVE_INTTYPES_H 1
| #define HAVE_STDINT_H 1
| #define HAVE_UNISTD_H 1
| #define HAVE_DLFCN_H 1
| /* end confdefs.h.  */
| extern "C" void std::exit (int); using std::exit;
| #include <stdlib.h>
| int
| main ()
| {
| exit (42);
|   ;
|   return 0;
| }
configure:5731: g++ -c -g -O2  conftest.cc >&5
configure:5737: $? = 0
configure:5741: test -z 
			 || test ! -s conftest.err
configure:5744: $? = 0
configure:5747: test -s conftest.o
configure:5750: $? = 0
configure:5776: g++ -c -g -O2  conftest.cc >&5
configure:5782: $? = 0
configure:5786: test -z 
			 || test ! -s conftest.err
configure:5789: $? = 0
configure:5792: test -s conftest.o
configure:5795: $? = 0
configure:5820: checking dependency style of g++
configure:5910: result: gcc3
configure:5932: checking how to run the C++ preprocessor
configure:5963: g++ -E  conftest.cc
configure:5969: $? = 0
configure:6001: g++ -E  conftest.cc
conftest.cc:26:28: fatal error: ac_nonexistent.h: No such file or directory
compilation terminated.
configure:6007: $? = 1
configure: failed program was:
| /* confdefs.h.  */
| 
| #define PACKAGE_NAME "libjpeg-turbo"
| #define PACKAGE_TARNAME "libjpeg-turbo"
| #define PACKAGE_VERSION "1.3.0"
| #define PACKAGE_STRING "libjpeg-turbo 1.3.0"
| #define PACKAGE_BUGREPORT ""
| #define PACKAGE "libjpeg-turbo"
| #define VERSION "1.3.0"
| #define HAVE_PROTOTYPES 1
| #define STDC_HEADERS 1
| #define HAVE_SYS_TYPES_H 1
| #define HAVE_SYS_STAT_H 1
| #define HAVE_STDLIB_H 1
| #define HAVE_STRING_H 1
| #define HAVE_MEMORY_H 1
| #define HAVE_STRINGS_H 1
| #define HAVE_INTTYPES_H 1
| #define HAVE_STDINT_H 1
| #define HAVE_UNISTD_H 1
| #define HAVE_DLFCN_H 1
| #ifdef __cplusplus
| extern "C" void exit (int) throw ();
| #endif
| /* end confdefs.h.  */
| #include <ac_nonexistent.h>
configure:6046: result: g++ -E
configure:6070: g++ -E  conftest.cc
configure:6076: $? = 0
configure:6108: g++ -E  conftest.cc
conftest.cc:26:28: fatal error: ac_nonexistent.h: No such file or directory
compilation terminated.
configure:6114: $? = 1
configure: failed program was:
| /* confdefs.h.  */
| 
| #define PACKAGE_NAME "libjpeg-turbo"
| #define PACKAGE_TARNAME "libjpeg-turbo"
| #define PACKAGE_VERSION "1.3.0"
| #define PACKAGE_STRING "libjpeg-turbo 1.3.0"
| #define PACKAGE_BUGREPORT ""
| #define PACKAGE "libjpeg-turbo"
| #define VERSION "1.3.0"
| #define HAVE_PROTOTYPES 1
| #define STDC_HEADERS 1
| #define HAVE_SYS_TYPES_H 1
| #define HAVE_SYS_STAT_H 1
| #define HAVE_STDLIB_H 1
| #define HAVE_STRING_H 1
| #define HAVE_MEMORY_H 1
| #define HAVE_STRINGS_H 1
| #define HAVE_INTTYPES_H 1
| #define HAVE_STDINT_H 1
| #define HAVE_UNISTD_H 1
| #define HAVE_DLFCN_H 1
| #ifdef __cplusplus
| extern "C" void exit (int) throw ();
| #endif
| /* end confdefs.h.  */
| #include <ac_nonexistent.h>
configure:6167: checking for i686-pc-linux-gnu-g77
configure:6196: result: no
configure:6167: checking for i686-pc-linux-gnu-f77
configure:6196: result: no
configure:6167: checking for i686-pc-linux-gnu-xlf
configure:6196: result: no
configure:6167: checking for i686-pc-linux-gnu-frt
configure:6196: result: no
configure:6167: checking for i686-pc-linux-gnu-pgf77
configure:6196: result: no
configure:6167: checking for i686-pc-linux-gnu-fort77
configure:6196: result: no
configure:6167: checking for i686-pc-linux-gnu-fl32
configure:6196: result: no
configure:6167: checking for i686-pc-linux-gnu-af77
configure:6196: result: no
configure:6167: checking for i686-pc-linux-gnu-f90
configure:6196: result: no
configure:6167: checking for i686-pc-linux-gnu-xlf90
configure:6196: result: no
configure:6167: checking for i686-pc-linux-gnu-pgf90
configure:6196: result: no
configure:6167: checking for i686-pc-linux-gnu-epcf90
configure:6196: result: no
configure:6167: checking for i686-pc-linux-gnu-f95
configure:6196: result: no
configure:6167: checking for i686-pc-linux-gnu-fort
configure:6196: result: no
configure:6167: checking for i686-pc-linux-gnu-xlf95
configure:6196: result: no
configure:6167: checking for i686-pc-linux-gnu-ifc
configure:6196: result: no
configure:6167: checking for i686-pc-linux-gnu-efc
configure:6196: result: no
configure:6167: checking for i686-pc-linux-gnu-pgf95
configure:6196: result: no
configure:6167: checking for i686-pc-linux-gnu-lf95
configure:6196: result: no
configure:6167: checking for i686-pc-linux-gnu-gfortran
configure:6196: result: no
configure:6209: checking for g77
configure:6238: result: no
configure:6209: checking for f77
configure:6238: result: no
configure:6209: checking for xlf
configure:6238: result: no
configure:6209: checking for frt
configure:6238: result: no
configure:6209: checking for pgf77
configure:6238: result: no
configure:6209: checking for fort77
configure:6238: result: no
configure:6209: checking for fl32
configure:6238: result: no
configure:6209: checking for af77
configure:6238: result: no
configure:6209: checking for f90
configure:6238: result: no
configure:6209: checking for xlf90
configure:6238: result: no
configure:6209: checking for pgf90
configure:6238: result: no
configure:6209: checking for epcf90
configure:6238: result: no
configure:6209: checking for f95
configure:6238: result: no
configure:6209: checking for fort
configure:6238: result: no
configure:6209: checking for xlf95
configure:6238: result: no
configure:6209: checking for ifc
configure:6238: result: no
configure:6209: checking for efc
configure:6238: result: no
configure:6209: checking for pgf95
configure:6238: result: no
configure:6209: checking for lf95
configure:6238: result: no
configure:6209: checking for gfortran
configure:6238: result: no
configure:6250: checking for Fortran 77 compiler version
configure:6253:  --version </dev/null >&5
./configure: line 6254: --version: command not found
configure:6256: $? = 127
configure:6258:  -v </dev/null >&5
./configure: line 6259: -v: command not found
configure:6261: $? = 127
configure:6263:  -V </dev/null >&5
./configure: line 6264: -V: command not found
configure:6266: $? = 127
configure:6274: checking whether we are using the GNU Fortran 77 compiler
configure:6288:  -c  conftest.F >&5
./configure: line 6289: -c: command not found
configure:6294: $? = 127
configure: failed program was:
|       program main
| #ifndef __GNUC__
|        choke me
| #endif
| 
|       end
configure:6320: result: no
configure:6326: checking whether  accepts -g
configure:6338:  -c -g conftest.f >&5
./configure: line 6339: -c: command not found
configure:6344: $? = 127
configure: failed program was:
|       program main
| 
|       end
configure:6369: result: no
configure:6399: checking the maximum length of command line arguments
configure:6464: result: 32768
configure:6475: checking command to parse nm output from gcc object
configure:6564: gcc -c -O3 -m32  conftest.c >&5
configure:6567: $? = 0
configure:6571: nm conftest.o \| sed -n -e 's/^.*[ 	]\([ABCDGIRSTW][ABCDGIRSTW]*\)[ 	][ 	]*\(\)\([_A-Za-z][_A-Za-z0-9]*\)$/\1 \2\3 \3/p' \> conftest.nm
configure:6574: $? = 0
configure:6626: gcc -o conftest -O3 -m32  -m32 conftest.c conftstm.o >&5
configure:6629: $? = 0
configure:6667: result: ok
configure:6671: checking for objdir
configure:6686: result: .libs
configure:6738: checking for i686-pc-linux-gnu-ar
configure:6767: result: no
configure:6776: checking for ar
configure:6792: found /usr/bin/ar
configure:6803: result: ar
configure:6818: checking for i686-pc-linux-gnu-ranlib
configure:6847: result: no
configure:6856: checking for ranlib
configure:6872: found /usr/bin/ranlib
configure:6883: result: ranlib
configure:6898: checking for i686-pc-linux-gnu-strip
configure:6924: result: strip
configure:7225: checking if gcc static flag  works
configure:7248: result: yes
configure:7266: checking if gcc supports -fno-rtti -fno-exceptions
configure:7284: gcc -c -O3 -m32  -fno-rtti -fno-exceptions conftest.c >&5
cc1: warning: command line option '-fno-rtti' is valid for C++/ObjC++ but not for C [enabled by default]
configure:7288: $? = 0
configure:7299: result: no
configure:7314: checking for gcc option to produce PIC
configure:7491: result: -fPIC
configure:7499: checking if gcc PIC flag -fPIC works
configure:7517: gcc -c -O3 -m32  -fPIC -DPIC conftest.c >&5
configure:7521: $? = 0
configure:7532: result: yes
configure:7556: checking if gcc supports -c -o file.o
configure:7577: gcc -c -O3 -m32  -o out/conftest2.o conftest.c >&5
configure:7581: $? = 0
configure:7601: result: yes
configure:7627: checking whether the gcc linker (/usr/bin/ld) supports shared libraries
configure:8475: result: yes
configure:8501: checking whether -lc should be explicitly linked in
configure:8506: gcc -c -O3 -m32  conftest.c >&5
configure:8509: $? = 0
configure:8523: gcc -shared conftest.o  -v -Wl,-soname -Wl,conftest -o conftest 2\>\&1 \| grep  -lc  \>/dev/null 2\>\&1
configure:8526: $? = 0
configure:8538: result: no
configure:8546: checking dynamic linker characteristics
configure:9107: result: GNU/Linux ld.so
configure:9111: checking how to hardcode library paths into programs
configure:9136: result: immediate
configure:9150: checking whether stripping libraries is possible
configure:9155: result: yes
configure:9985: checking if libtool supports shared libraries
configure:9987: result: yes
configure:9990: checking whether to build shared libraries
configure:10048: result: yes
configure:10051: checking whether to build static libraries
configure:10055: result: yes
configure:10147: creating libtool
configure:10694: checking for ld used by g++
configure:10761: result: /usr/bin/ld
configure:10770: checking if the linker (/usr/bin/ld) is GNU ld
configure:10785: result: yes
configure:10836: checking whether the g++ linker (/usr/bin/ld) supports shared libraries
configure:11664: result: yes
configure:11682: g++ -c -g -O2  conftest.cc >&5
configure:11685: $? = 0
configure:11781: checking for g++ option to produce PIC
configure:12033: result: -fPIC
configure:12041: checking if g++ PIC flag -fPIC works
configure:12059: g++ -c -g -O2  -fPIC -DPIC conftest.cc >&5
configure:12063: $? = 0
configure:12074: result: yes
configure:12098: checking if g++ supports -c -o file.o
configure:12119: g++ -c -g -O2  -o out/conftest2.o conftest.cc >&5
configure:12123: $? = 0
configure:12143: result: yes
configure:12169: checking whether the g++ linker (/usr/bin/ld) supports shared libraries
configure:12194: result: yes
configure:12265: checking dynamic linker characteristics
configure:12826: result: GNU/Linux ld.so
configure:12830: checking how to hardcode library paths into programs
configure:12855: result: immediate
configure:12869: checking whether stripping libraries is possible
configure:12874: result: yes
configure:20151: checking whether ln -s works
configure:20155: result: yes
configure:20210: checking whether compiler supports pointers to undefined structures
configure:20228: gcc -c -O3 -m32  conftest.c >&5
configure:20234: $? = 0
configure:20238: test -z 
			 || test ! -s conftest.err
configure:20241: $? = 0
configure:20244: test -s conftest.o
configure:20247: $? = 0
configure:20249: result: yes
configure:20274: checking whether __SUNPRO_C is declared
configure:20298: gcc -c -O3 -m32 -Wall conftest.c >&5
conftest.c: In function 'main':
conftest.c:64:22: error: '__SUNPRO_C' undeclared (first use in this function)
conftest.c:64:22: note: each undeclared identifier is reported only once for each function it appears in
conftest.c:64:9: warning: unused variable 'p' [-Wunused-variable]
configure:20304: $? = 1
configure: failed program was:
| /* confdefs.h.  */
| 
| #define PACKAGE_NAME "libjpeg-turbo"
| #define PACKAGE_TARNAME "libjpeg-turbo"
| #define PACKAGE_VERSION "1.3.0"
| #define PACKAGE_STRING "libjpeg-turbo 1.3.0"
| #define PACKAGE_BUGREPORT ""
| #define PACKAGE "libjpeg-turbo"
| #define VERSION "1.3.0"
| #define HAVE_PROTOTYPES 1
| #define STDC_HEADERS 1
| #define HAVE_SYS_TYPES_H 1
| #define HAVE_SYS_STAT_H 1
| #define HAVE_STDLIB_H 1
| #define HAVE_STRING_H 1
| #define HAVE_MEMORY_H 1
| #define HAVE_STRINGS_H 1
| #define HAVE_INTTYPES_H 1
| #define HAVE_STDINT_H 1
| #define HAVE_UNISTD_H 1
| #define HAVE_DLFCN_H 1
| #ifdef __cplusplus
| extern "C" void exit (int) throw ();
| #endif
| /* end confdefs.h.  */
| #include <stdio.h>
| #if HAVE_SYS_TYPES_H
| # include <sys/types.h>
| #endif
| #if HAVE_SYS_STAT_H
| # include <sys/stat.h>
| #endif
| #if STDC_HEADERS
| # include <stdlib.h>
| # include <stddef.h>
| #else
| # if HAVE_STDLIB_H
| #  include <stdlib.h>
| # endif
| #endif
| #if HAVE_STRING_H
| # if !STDC_HEADERS && HAVE_MEMORY_H
| #  include <memory.h>
| # endif
| # include <string.h>
| #endif
| #if HAVE_STRINGS_H
| # include <strings.h>
| #endif
| #if HAVE_INTTYPES_H
| # include <inttypes.h>
| #else
| # if HAVE_STDINT_H
| #  include <stdint.h>
| # endif
| #endif
| #if HAVE_UNISTD_H
| # include <unistd.h>
| #endif
| int
| main ()
| {
| #ifndef __SUNPRO_C
|   char *p = (char *) __SUNPRO_C;
| #endif
| 
|   ;
|   return 0;
| }
configure:20328: result: no
configure:20345: checking for ANSI C header files
configure:20501: result: yes
configure:20527: checking stddef.h usability
configure:20539: gcc -c -O3 -m32 -Wall conftest.c >&5
configure:20545: $? = 0
configure:20549: test -z 
			 || test ! -s conftest.err
configure:20552: $? = 0
configure:20555: test -s conftest.o
configure:20558: $? = 0
configure:20568: result: yes
configure:20572: checking stddef.h presence
configure:20582: gcc -E -Wall conftest.c
configure:20588: $? = 0
configure:20608: result: yes
configure:20643: checking for stddef.h
configure:20650: result: yes
configure:20518: checking for stdlib.h
configure:20523: result: yes
configure:20518: checking for string.h
configure:20523: result: yes
configure:20664: checking for sys/types.h
configure:20669: result: yes
configure:20811: checking for an ANSI C-conforming const
configure:20878: gcc -c -O3 -m32 -Wall conftest.c >&5
conftest.c: In function 'main':
conftest.c:58:17: warning: unused variable 's' [-Wunused-variable]
conftest.c:78:15: warning: unused variable 'foo' [-Wunused-variable]
conftest.c:45:29: warning: unused variable 'zero' [-Wunused-variable]
conftest.c:39:17: warning: unused variable 'x' [-Wunused-variable]
conftest.c:60:10: warning: 't' is used uninitialized in this function [-Wuninitialized]
conftest.c:75:23: warning: 'b' is used uninitialized in this function [-Wuninitialized]
configure:20884: $? = 0
configure:20888: test -z 
			 || test ! -s conftest.err
configure:20891: $? = 0
configure:20894: test -s conftest.o
configure:20897: $? = 0
configure:20908: result: yes
configure:20919: checking whether char is unsigned
configure:20942: gcc -c -O3 -m32 -Wall conftest.c >&5
conftest.c: In function 'main':
conftest.c:68:12: warning: variable 'test_array' set but not used [-Wunused-but-set-variable]
configure:20948: $? = 0
configure:20952: test -z 
			 || test ! -s conftest.err
configure:20955: $? = 0
configure:20958: test -s conftest.o
configure:20961: $? = 0
configure:20972: result: no
configure:20981: checking for inline
configure:21002: gcc -c -O3 -m32 -Wall conftest.c >&5
configure:21008: $? = 0
configure:21012: test -z 
			 || test ! -s conftest.err
configure:21015: $? = 0
configure:21018: test -s conftest.o
configure:21021: $? = 0
configure:21033: result: inline
configure:21052: checking for size_t
configure:21076: gcc -c -O3 -m32 -Wall conftest.c >&5
configure:21082: $? = 0
configure:21086: test -z 
			 || test ! -s conftest.err
configure:21089: $? = 0
configure:21092: test -s conftest.o
configure:21095: $? = 0
configure:21106: result: yes
configure:21118: checking for unsigned char
configure:21142: gcc -c -O3 -m32 -Wall conftest.c >&5
configure:21148: $? = 0
configure:21152: test -z 
			 || test ! -s conftest.err
configure:21155: $? = 0
configure:21158: test -s conftest.o
configure:21161: $? = 0
configure:21172: result: yes
configure:21182: checking for unsigned short
configure:21206: gcc -c -O3 -m32 -Wall conftest.c >&5
configure:21212: $? = 0
configure:21216: test -z 
			 || test ! -s conftest.err
configure:21219: $? = 0
configure:21222: test -s conftest.o
configure:21225: $? = 0
configure:21236: result: yes
configure:21248: checking if right shift is signed
configure:21282: gcc -o conftest -O3 -m32 -Wall -m32 conftest.c  >&5
conftest.c: In function 'main':
conftest.c:51:6: warning: implicit declaration of function 'exit' [-Wimplicit-function-declaration]
conftest.c:51:6: warning: incompatible implicit declaration of built-in function 'exit' [enabled by default]
configure:21285: $? = 0
configure:21287: ./conftest
configure:21290: $? = 1
configure: program exited with status 1
configure: failed program was:
| /* confdefs.h.  */
| 
| #define PACKAGE_NAME "libjpeg-turbo"
| #define PACKAGE_TARNAME "libjpeg-turbo"
| #define PACKAGE_VERSION "1.3.0"
| #define PACKAGE_STRING "libjpeg-turbo 1.3.0"
| #define PACKAGE_BUGREPORT ""
| #define PACKAGE "libjpeg-turbo"
| #define VERSION "1.3.0"
| #define HAVE_PROTOTYPES 1
| #define STDC_HEADERS 1
| #define HAVE_SYS_TYPES_H 1
| #define HAVE_SYS_STAT_H 1
| #define HAVE_STDLIB_H 1
| #define HAVE_STRING_H 1
| #define HAVE_MEMORY_H 1
| #define HAVE_STRINGS_H 1
| #define HAVE_INTTYPES_H 1
| #define HAVE_STDINT_H 1
| #define HAVE_UNISTD_H 1
| #define HAVE_DLFCN_H 1
| #ifdef __cplusplus
| extern "C" void exit (int) throw ();
| #endif
| #define STDC_HEADERS 1
| #define HAVE_STDDEF_H 1
| #define HAVE_STDLIB_H 1
| #define HAVE_STRING_H 1
| #define NEED_SYS_TYPES_H 1
| #define HAVE_UNSIGNED_CHAR 1
| #define HAVE_UNSIGNED_SHORT 1
| /* end confdefs.h.  */
| #include <stdio.h>
|    int is_shifting_signed (long arg) {
|      long res = arg >> 4;
| 
|      if (res == -0x7F7E80CL)
|        return 1; /* right shift is signed */
| 
|      /* see if unsigned-shift hack will fix it. */
|      /* we can't just test exact value since it depends on width of long... */
|      res |= (~0L) << (32-4);
|      if (res == -0x7F7E80CL)
|        return 0; /* right shift is unsigned */
| 
|      printf("Right shift isn't acting as I expect it to.\n");
|      printf("I fear the JPEG software will not work at all.\n\n");
|      return 0; /* try it with unsigned anyway */
|    }
|    int main (void) {
|      exit(is_shifting_signed(-0x7F7E80B1L));
|    }
configure:21305: result: yes
configure:21312: checking for short external names
configure:21331: gcc -o conftest -O3 -m32 -Wall -m32 conftest.c  >&5
configure:21337: $? = 0
configure:21341: test -z 
			 || test ! -s conftest.err
configure:21344: $? = 0
configure:21347: test -s conftest
configure:21350: $? = 0
configure:21352: result: ok
configure:21375: checking for memset
configure:21432: gcc -o conftest -O3 -m32 -Wall -m32 conftest.c  >&5
conftest.c:57:6: warning: conflicting types for built-in function 'memset' [enabled by default]
configure:21438: $? = 0
configure:21442: test -z 
			 || test ! -s conftest.err
configure:21445: $? = 0
configure:21448: test -s conftest
configure:21451: $? = 0
configure:21463: result: yes
configure:21375: checking for memcpy
configure:21432: gcc -o conftest -O3 -m32 -Wall -m32 conftest.c  >&5
conftest.c:58:6: warning: conflicting types for built-in function 'memcpy' [enabled by default]
configure:21438: $? = 0
configure:21442: test -z 
			 || test ! -s conftest.err
configure:21445: $? = 0
configure:21448: test -s conftest
configure:21451: $? = 0
configure:21463: result: yes
configure:21480: checking libjpeg API version
configure:21508: result: 6.2
configure:21537: checking whether to include in-memory source/destination managers
configure:21546: result: yes
configure:21562: checking libjpeg shared library version
configure:21564: result: 62.1.0
configure:21586: checking whether the linker supports version scripts
configure:21611: gcc -o conftest -O3 -m32 -Wall -m32 -Wl,--version-script,conftest.map conftest.c  >&5
configure:21617: $? = 0
configure:21621: test -z 
			 || test ! -s conftest.err
configure:21624: $? = 0
configure:21627: test -s conftest
configure:21630: $? = 0
configure:21633: result: yes (GNU style)
configure:21699: checking whether to use version script when building libjpeg-turbo
configure:21701: result: yes
configure:21717: checking for inline
configure:21737: gcc -c -O3 -m32 -Wall conftest.c >&5
conftest.c: In function 'main':
conftest.c:42:1: warning: control reaches end of non-void function [-Wreturn-type]
configure:21743: $? = 0
configure:21747: test -z 
			 || test ! -s conftest.err
configure:21750: $? = 0
configure:21753: test -s conftest.o
configure:21756: $? = 0
configure:21900: result: __attribute__((always_inline))
configure:21909: checking whether to include arithmetic encoding support
configure:21927: result: yes
configure:21941: checking whether to include arithmetic decoding support
configure:21959: result: yes
configure:21985: checking whether to build TurboJPEG C wrapper
configure:21998: result: yes
configure:22022: checking whether to build TurboJPEG Java wrapper
configure:22218: result: no
configure:22263: checking if we have SIMD optimisations for cpu type
configure:22469: result: yes (i386)
configure:22477: checking for nasm
configure:22493: found /usr/bin/nasm
configure:22503: result: nasm
configure:22517: checking for object file format of host system
configure:22591: result: ELF
configure:22599: checking for object file format specifier (NAFLAGS) 
configure:22614: result: -felf -DELF
configure:22618: checking whether the assembler (nasm -felf -DELF) works
configure:22629: nasm -felf -DELF -o conftest.o conftest.asm
configure:22632: $? = 0
configure:22634: result: yes
configure:22647: checking whether the linker accepts assembler output
configure:22650: gcc -o conftest -m32 conftest.o  1>&5
configure:22653: $? = 0
configure:22656: result: yes
configure:23151: creating ./config.status

## ---------------------- ##
## Running config.status. ##
## ---------------------- ##

This file was extended by libjpeg-turbo config.status 1.3.0, which was
generated by GNU Autoconf 2.59.  Invocation command line was

  CONFIG_FILES    = 
  CONFIG_HEADERS  = 
  CONFIG_LINKS    = 
  CONFIG_COMMANDS = 
  $ ./config.status 

on SJ

config.status:778: creating pkgscripts/libjpeg-turbo.spec.tmpl
config.status:778: creating pkgscripts/makecygwinpkg.tmpl
config.status:778: creating pkgscripts/makedpkg.tmpl
config.status:778: creating pkgscripts/makemacpkg.tmpl
config.status:778: creating pkgscripts/Description.plist
config.status:778: creating pkgscripts/Info.plist
config.status:778: creating pkgscripts/uninstall.tmpl
config.status:778: creating tjbenchtest
config.status:778: creating libjpeg.map
config.status:778: creating Makefile
config.status:778: creating simd/Makefile
config.status:778: creating java/Makefile
config.status:778: creating md5/Makefile
config.status:882: creating config.h
config.status:882: creating jconfig.h
config.status:1206: executing depfiles commands

## ---------------- ##
## Cache variables. ##
## ---------------- ##

ac_cv_build=x86_64-unknown-linux-gnu
ac_cv_build_alias=x86_64-unknown-linux-gnu
ac_cv_c_char_unsigned=no
ac_cv_c_compiler_gnu=yes
ac_cv_c_const=yes
ac_cv_c_inline=inline
ac_cv_cxx_compiler_gnu=yes
ac_cv_env_CCASFLAGS_set=
ac_cv_env_CCASFLAGS_value=
ac_cv_env_CCAS_set=
ac_cv_env_CCAS_value=
ac_cv_env_CC_set=
ac_cv_env_CC_value=
ac_cv_env_CFLAGS_set=set
ac_cv_env_CFLAGS_value='-O3 -m32'
ac_cv_env_CPPFLAGS_set=
ac_cv_env_CPPFLAGS_value=
ac_cv_env_CPP_set=
ac_cv_env_CPP_value=
ac_cv_env_CXXCPP_set=
ac_cv_env_CXXCPP_value=
ac_cv_env_CXXFLAGS_set=
ac_cv_env_CXXFLAGS_value=
ac_cv_env_CXX_set=
ac_cv_env_CXX_value=
ac_cv_env_F77_set=
ac_cv_env_F77_value=
ac_cv_env_FFLAGS_set=
ac_cv_env_FFLAGS_value=
ac_cv_env_JAR_set=
ac_cv_env_JAR_value=
ac_cv_env_JAVACFLAGS_set=
ac_cv_env_JAVACFLAGS_value=
ac_cv_env_JAVAC_set=
ac_cv_env_JAVAC_value=
ac_cv_env_JAVA_set=
ac_cv_env_JAVA_value=
ac_cv_env_JNI_CFLAGS_set=
ac_cv_env_JNI_CFLAGS_value=
ac_cv_env_JPEG_LIB_VERSION_set=
ac_cv_env_JPEG_LIB_VERSION_value=
ac_cv_env_LDFLAGS_set=set
ac_cv_env_LDFLAGS_value=-m32
ac_cv_env_PKGNAME_set=
ac_cv_env_PKGNAME_value=
ac_cv_env_SO_MAJOR_VERSION_set=
ac_cv_env_SO_MAJOR_VERSION_value=
ac_cv_env_SO_MINOR_VERSION_set=
ac_cv_env_SO_MINOR_VERSION_value=
ac_cv_env_build_alias_set=
ac_cv_env_build_alias_value=
ac_cv_env_host_alias_set=set
ac_cv_env_host_alias_value=i686-pc-linux-gnu
ac_cv_env_target_alias_set=
ac_cv_env_target_alias_value=
ac_cv_exeext=
ac_cv_f77_compiler_gnu=no
ac_cv_func_memcpy=yes
ac_cv_func_memset=yes
ac_cv_have_decl___SUNPRO_C=no
ac_cv_header_dlfcn_h=yes
ac_cv_header_inttypes_h=yes
ac_cv_header_memory_h=yes
ac_cv_header_stdc=yes
ac_cv_header_stddef_h=yes
ac_cv_header_stdint_h=yes
ac_cv_header_stdlib_h=yes
ac_cv_header_string_h=yes
ac_cv_header_strings_h=yes
ac_cv_header_sys_stat_h=yes
ac_cv_header_sys_types_h=yes
ac_cv_header_unistd_h=yes
ac_cv_host=i686-pc-linux-gnu
ac_cv_host_alias=i686-pc-linux-gnu
ac_cv_objext=o
ac_cv_path_install='/usr/bin/install -c'
ac_cv_prog_AWK=gawk
ac_cv_prog_CC=gcc
ac_cv_prog_CPP='gcc -E'
ac_cv_prog_CXXCPP='g++ -E'
ac_cv_prog_NASM=nasm
ac_cv_prog_STRIP=strip
ac_cv_prog_ac_ct_AR=ar
ac_cv_prog_ac_ct_CC=gcc
ac_cv_prog_ac_ct_CXX=g++
ac_cv_prog_ac_ct_RANLIB=ranlib
ac_cv_prog_ac_ct_STRIP=strip
ac_cv_prog_cc_g=yes
ac_cv_prog_cc_stdc=
ac_cv_prog_cxx_g=yes
ac_cv_prog_egrep='grep -E'
ac_cv_prog_f77_g=no
ac_cv_prog_make_make_set=yes
ac_cv_type_size_t=yes
ac_cv_type_unsigned_char=yes
ac_cv_type_unsigned_short=yes
am_cv_CC_dependencies_compiler_type=gcc3
am_cv_CXX_dependencies_compiler_type=gcc3
ljt_cv_inline='__attribute__((always_inline))'
lt_cv_deplibs_check_method=pass_all
lt_cv_file_magic_cmd='$MAGIC_CMD'
lt_cv_file_magic_test_file='/lib/libc.so* /lib/libc-*.so'
lt_cv_ld_reload_flag=-r
lt_cv_objdir=.libs
lt_cv_path_LD=/usr/bin/ld
lt_cv_path_LDCXX=/usr/bin/ld
lt_cv_path_NM=nm
lt_cv_path_SED=/bin/sed
lt_cv_prog_compiler_c_o=yes
lt_cv_prog_compiler_c_o_CXX=yes
lt_cv_prog_compiler_rtti_exceptions=no
lt_cv_prog_gnu_ld=yes
lt_cv_prog_gnu_ldcxx=yes
lt_cv_sys_global_symbol_pipe='sed -n -e '\''s/^.*[ 	]\([ABCDGIRSTW][ABCDGIRSTW]*\)[ 	][ 	]*\(\)\([_A-Za-z][_A-Za-z0-9]*\)$/\1 \2\3 \3/p'\'''
lt_cv_sys_global_symbol_to_c_name_address='sed -n -e '\''s/^: \([^ ]*\) $/  {\"\1\", (lt_ptr) 0},/p'\'' -e '\''s/^[BCDEGRST] \([^ ]*\) \([^ ]*\)$/  {"\2", (lt_ptr) \&\2},/p'\'''
lt_cv_sys_global_symbol_to_cdecl='sed -n -e '\''s/^. .* \(.*\)$/extern int \1;/p'\'''
lt_cv_sys_max_cmd_len=32768
lt_lt_cv_prog_compiler_c_o='"yes"'
lt_lt_cv_prog_compiler_c_o_CXX='"yes"'
lt_lt_cv_sys_global_symbol_pipe='"sed -n -e '\''s/^.*[ 	]\\([ABCDGIRSTW][ABCDGIRSTW]*\\)[ 	][ 	]*\\(\\)\\([_A-Za-z][_A-Za-z0-9]*\\)\$/\\1 \\2\\3 \\3/p'\''"'
lt_lt_cv_sys_global_symbol_to_c_name_address='"sed -n -e '\''s/^: \\([^ ]*\\) \$/  {\\\"\\1\\\", (lt_ptr) 0},/p'\'' -e '\''s/^[BCDEGRST] \\([^ ]*\\) \\([^ ]*\\)\$/  {\"\\2\", (lt_ptr) \\&\\2},/p'\''"'
lt_lt_cv_sys_global_symbol_to_cdecl='"sed -n -e '\''s/^. .* \\(.*\\)\$/extern int \\1;/p'\''"'

## ----------------- ##
## Output variables. ##
## ----------------- ##

ACLOCAL='${SHELL} /home/android-main/external/libjpeg-turbo-1.3.0/missing --run aclocal-1.9'
AMDEPBACKSLASH='\'
AMDEP_FALSE='#'
AMDEP_TRUE=''
AMTAR='${SHELL} /home/android-main/external/libjpeg-turbo-1.3.0/missing --run tar'
AR='ar'
AUTOCONF='${SHELL} /home/android-main/external/libjpeg-turbo-1.3.0/missing --run autoconf'
AUTOHEADER='${SHELL} /home/android-main/external/libjpeg-turbo-1.3.0/missing --run autoheader'
AUTOMAKE='${SHELL} /home/android-main/external/libjpeg-turbo-1.3.0/missing --run automake-1.9'
AWK='gawk'
BUILD='20131120'
CC='gcc'
CCAS='gcc'
CCASFLAGS='-O3 -m32'
CCDEPMODE='depmode=gcc3'
CFLAGS='-O3 -m32'
CPP='gcc -E'
CPPFLAGS='-Wall'
CXX='g++'
CXXCPP='g++ -E'
CXXDEPMODE='depmode=gcc3'
CXXFLAGS='-g -O2'
CYGPATH_W='echo'
DEBARCH='i386'
DEFS='-DHAVE_CONFIG_H'
DEPDIR='.deps'
ECHO='echo'
ECHO_C=''
ECHO_N='-n'
ECHO_T=''
EGREP='grep -E'
EXEEXT=''
F77=''
FFLAGS=''
INSTALL_DATA='${INSTALL} -m 644'
INSTALL_PROGRAM='${INSTALL}'
INSTALL_SCRIPT='${INSTALL}'
INSTALL_STRIP_PROGRAM='${SHELL} $(install_sh) -c -s'
JAR='jar'
JAVA='java'
JAVAC='javac'
JAVACFLAGS=''
JAVA_RPM_CONTENTS_1=''
JAVA_RPM_CONTENTS_2=''
JNI_CFLAGS=''
JPEG_LIB_VERSION='62'
JPEG_LIB_VERSION_DECIMAL='6.2'
LDFLAGS='-m32'
LIBOBJS=''
LIBS=''
LIBTOOL='$(SHELL) $(top_builddir)/libtool'
LIBTOOL_CURRENT='63'
LN_S='ln -s'
LTLIBOBJS=''
MAKEINFO='${SHELL} /home/android-main/external/libjpeg-turbo-1.3.0/missing --run makeinfo'
MEM_SRCDST_FUNCTIONS='global:  jpeg_mem_dest;  jpeg_mem_src;'
NAFLAGS='-felf -DELF'
NASM='nasm'
OBJEXT='o'
PACKAGE='libjpeg-turbo'
PACKAGE_BUGREPORT=''
PACKAGE_NAME='libjpeg-turbo'
PACKAGE_STRING='libjpeg-turbo 1.3.0'
PACKAGE_TARNAME='libjpeg-turbo'
PACKAGE_VERSION='1.3.0'
PATH_SEPARATOR=':'
PKGNAME='libjpeg-turbo'
RANLIB='ranlib'
RPMARCH='i386'
RPM_CONFIG_ARGS=''
SET_MAKE=''
SHELL='/bin/bash'
SIMD_ARM_FALSE=''
SIMD_ARM_TRUE='#'
SIMD_I386_FALSE='#'
SIMD_I386_TRUE=''
SIMD_X86_64_FALSE=''
SIMD_X86_64_TRUE='#'
SO_AGE='1'
SO_MAJOR_VERSION='62'
SO_MINOR_VERSION='0'
STRIP='strip'
VERSION='1.3.0'
VERSION_SCRIPT_FALSE='#'
VERSION_SCRIPT_FLAG='-Wl,--version-script,'
VERSION_SCRIPT_TRUE=''
WITH_ARITH_DEC_FALSE='#'
WITH_ARITH_DEC_TRUE=''
WITH_ARITH_ENC_FALSE='#'
WITH_ARITH_ENC_TRUE=''
WITH_ARITH_FALSE='#'
WITH_ARITH_TRUE=''
WITH_JAVA='0'
WITH_JAVA_FALSE=''
WITH_JAVA_TRUE='#'
WITH_SIMD_FALSE='#'
WITH_SIMD_TRUE=''
WITH_SSE_FLOAT_DCT_FALSE='#'
WITH_SSE_FLOAT_DCT_TRUE=''
WITH_TURBOJPEG_FALSE='#'
WITH_TURBOJPEG_TRUE=''
X86_64_FALSE=''
X86_64_TRUE='#'
ac_ct_AR='ar'
ac_ct_CC='gcc'
ac_ct_CXX='g++'
ac_ct_F77=''
ac_ct_RANLIB='ranlib'
ac_ct_STRIP='strip'
am__fastdepCC_FALSE='#'
am__fastdepCC_TRUE=''
am__fastdepCXX_FALSE='#'
am__fastdepCXX_TRUE=''
am__include='include'
am__leading_dot='.'
am__quote=''
am__tar='${AMTAR} chof - "$$tardir"'
am__untar='${AMTAR} xf -'
bindir='${exec_prefix}/bin'
build='x86_64-unknown-linux-gnu'
build_alias=''
build_cpu='x86_64'
build_os='linux-gnu'
build_vendor='unknown'
datadir='${prefix}'
exec_prefix='${prefix}'
host='i686-pc-linux-gnu'
host_alias='i686-pc-linux-gnu'
host_cpu='i686'
host_os='linux-gnu'
host_vendor='pc'
includedir='${prefix}/include'
infodir='${prefix}/info'
install_sh='/home/android-main/external/libjpeg-turbo-1.3.0/install-sh'
libdir='${exec_prefix}/lib32'
libexecdir='${exec_prefix}/libexec'
localstatedir='${prefix}/var'
mandir='${prefix}/man'
mkdir_p='mkdir -p --'
oldincludedir='/usr/include'
prefix='/opt/libjpeg-turbo'
program_transform_name='s,x,x,'
sbindir='${exec_prefix}/sbin'
sharedstatedir='${prefix}/com'
sysconfdir='${prefix}/etc'
target_alias=''

## ----------- ##
## confdefs.h. ##
## ----------- ##

#define BUILD "20131120"
#define C_ARITH_CODING_SUPPORTED 0
#define D_ARITH_CODING_SUPPORTED 1
#define HAVE_DLFCN_H 1
#define HAVE_INTTYPES_H 1
#define HAVE_MEMCPY 1
#define HAVE_MEMORY_H 1
#define HAVE_MEMSET 1
#define HAVE_PROTOTYPES 1
#define HAVE_STDDEF_H 1
#define HAVE_STDINT_H 1
#define HAVE_STDLIB_H 1
#define HAVE_STDLIB_H 1
#define HAVE_STRINGS_H 1
#define HAVE_STRING_H 1
#define HAVE_STRING_H 1
#define HAVE_SYS_STAT_H 1
#define HAVE_SYS_TYPES_H 1
#define HAVE_UNISTD_H 1
#define HAVE_UNSIGNED_CHAR 1
#define HAVE_UNSIGNED_SHORT 1
#define INLINE __attribute__((always_inline))
#define JPEG_LIB_VERSION 62
#define LIBJPEG_TURBO_VERSION 1.3.0
#define MEM_SRCDST_SUPPORTED 1
#define NEED_SYS_TYPES_H 1
#define PACKAGE "libjpeg-turbo"
#define PACKAGE_BUGREPORT ""
#define PACKAGE_NAME "libjpeg-turbo"
#define PACKAGE_STRING "libjpeg-turbo 1.3.0"
#define PACKAGE_TARNAME "libjpeg-turbo"
#define PACKAGE_VERSION "1.3.0"
#define STDC_HEADERS 1
#define STDC_HEADERS 1
#define VERSION "1.3.0"
#define WITH_SIMD 0
#endif
#ifdef __cplusplus
extern "C" void exit (int) throw ();

configure: exit 0
